<?xml version="1.0" encoding="UTF-8"?>
<!-- Generated by org.testng.reporters.JUnitReportReporter -->
<testsuite hostname="POL-6MXJDB3" failures="0" tests="5" name="MiroTest" time="26.289" errors="0" timestamp="2023-02-03T14:45:00 CET" skipped="0">
  <testcase classname="MiroTest" name="INTERIA" time="4.625"/>
  <system-out/>
  <testcase classname="MiroTest" name="GOOGLE" time="5.188"/>
  <system-out/>
  <testcase classname="MiroTest" name="WP" time="5.025"/>
  <system-out/>
  <testcase classname="MiroTest" name="ONET" time="6.421"/>
  <system-out/>
  <testcase classname="MiroTest" name="CHIP" time="5.030"/>
  <system-out/>
</testsuite> <!-- MiroTest -->
